<?xml version="1.0" encoding="UTF-8"?>
<!-- Generated by org.testng.reporters.JUnitXMLReporter -->
<testsuite hostname="KZ-201704101354" ignored="0" name="Default test" tests="2" failures="0" timestamp="10 十一月 2017 02:51:19 GMT" time="48.083" errors="0">
  <testcase name="TestLogin" time="9.94" classname="nondirectorysourcing.TestCreateNonDirectorySourcing"/>
  <testcase name="TestNewSourcingApply" time="34.158" classname="nondirectorysourcing.TestCreateNonDirectorySourcing"/>
</testsuite> <!-- Default test -->
