<?xml version="1.0" encoding="UTF-8"?>
<!-- Generated by org.testng.reporters.JUnitXMLReporter -->
<testsuite hostname="KZ-201704101354" ignored="0" name="Default test" tests="2" failures="0" timestamp="12 九月 2017 09:49:27 GMT" time="25.478" errors="0">
  <testcase name="TestLogin" time="9.269" classname="com.webdriver.test.TestApprovingSourcingApply"/>
  <testcase name="TestApprovingSourcingApply" time="12.321" classname="com.webdriver.test.TestApprovingSourcingApply"/>
</testsuite> <!-- Default test -->
