<?xml version="1.0" encoding="UTF-8"?>
<!-- Generated by org.testng.reporters.JUnitXMLReporter -->
<testsuite hostname="KZ-201704101354" ignored="0" name="Test" tests="4" failures="0" timestamp="07 十一月 2017 10:49:24 GMT" time="71.94" errors="0">
  <testcase name="TestLogin" time="8.995" classname="nondirectorysourcing.TestCreateNonDirectorySourcing"/>
  <testcase name="TestNewSourcingApply" time="33.299" classname="nondirectorysourcing.TestCreateNonDirectorySourcing"/>
  <testcase name="TestLogin" time="9.219" classname="nondirectorysourcing.TestApprovingSourcingApply"/>
  <testcase name="TestApprovingSourcingApply" time="13.293" classname="nondirectorysourcing.TestApprovingSourcingApply"/>
</testsuite> <!-- Test -->
