<?xml version="1.0" encoding="UTF-8"?>
<testng-results skipped="0" failed="0" ignored="0" total="1" passed="1">
  <reporter-output>
  </reporter-output>
  <suite name="Default suite" duration-ms="4611" started-at="2017-07-28T09:42:12Z" finished-at="2017-07-28T09:42:17Z">
    <groups>
    </groups>
    <test name="Default test" duration-ms="4611" started-at="2017-07-28T09:42:12Z" finished-at="2017-07-28T09:42:17Z">
      <class name="com.webdriver.test.TestLogin">
        <test-method status="PASS" signature="setUpHtmlUnitDriver()[pri:0, instance:com.webdriver.test.TestLogin@6cc4c815]" name="setUpHtmlUnitDriver" is-config="true" duration-ms="1070" started-at="2017-07-28T17:42:12Z" finished-at="2017-07-28T17:42:14Z">
          <reporter-output>
          </reporter-output>
        </test-method> <!-- setUpHtmlUnitDriver -->
        <test-method status="PASS" signature="TestLogin()[pri:0, instance:com.webdriver.test.TestLogin@6cc4c815]" name="TestLogin" duration-ms="3519" started-at="2017-07-28T17:42:14Z" finished-at="2017-07-28T17:42:17Z">
          <reporter-output>
          </reporter-output>
        </test-method> <!-- TestLogin -->
        <test-method status="PASS" signature="tearDown()[pri:0, instance:com.webdriver.test.TestLogin@6cc4c815]" name="tearDown" is-config="true" duration-ms="3" started-at="2017-07-28T17:42:17Z" finished-at="2017-07-28T17:42:17Z">
          <reporter-output>
          </reporter-output>
        </test-method> <!-- tearDown -->
      </class> <!-- com.webdriver.test.TestLogin -->
    </test> <!-- Default test -->
  </suite> <!-- Default suite -->
</testng-results>
