<?xml version="1.0" encoding="UTF-8"?>
<testng-results skipped="0" failed="0" ignored="0" total="2" passed="2">
  <reporter-output>
  </reporter-output>
  <suite name="Suite" duration-ms="3229" started-at="2017-07-28T10:20:23Z" finished-at="2017-07-28T10:20:27Z">
    <groups>
    </groups>
    <test name="Test" duration-ms="3229" started-at="2017-07-28T10:20:23Z" finished-at="2017-07-28T10:20:27Z">
      <class name="com.webdriver.test.NewTest">
        <test-method status="PASS" signature="f()[pri:0, instance:com.webdriver.test.NewTest@100fc185]" name="f" duration-ms="1" started-at="2017-07-28T18:20:27Z" finished-at="2017-07-28T18:20:27Z">
          <reporter-output>
          </reporter-output>
        </test-method> <!-- f -->
      </class> <!-- com.webdriver.test.NewTest -->
      <class name="com.webdriver.test.TestLogin">
        <test-method status="PASS" signature="setUpHtmlUnitDriver()[pri:0, instance:com.webdriver.test.TestLogin@3a82f6ef]" name="setUpHtmlUnitDriver" is-config="true" duration-ms="1072" started-at="2017-07-28T18:20:23Z" finished-at="2017-07-28T18:20:25Z">
          <reporter-output>
          </reporter-output>
        </test-method> <!-- setUpHtmlUnitDriver -->
        <test-method status="PASS" signature="TestLogin()[pri:0, instance:com.webdriver.test.TestLogin@3a82f6ef]" name="TestLogin" duration-ms="2132" started-at="2017-07-28T18:20:25Z" finished-at="2017-07-28T18:20:27Z">
          <reporter-output>
          </reporter-output>
        </test-method> <!-- TestLogin -->
        <test-method status="PASS" signature="tearDown()[pri:0, instance:com.webdriver.test.TestLogin@3a82f6ef]" name="tearDown" is-config="true" duration-ms="2" started-at="2017-07-28T18:20:27Z" finished-at="2017-07-28T18:20:27Z">
          <reporter-output>
          </reporter-output>
        </test-method> <!-- tearDown -->
      </class> <!-- com.webdriver.test.TestLogin -->
    </test> <!-- Test -->
  </suite> <!-- Suite -->
</testng-results>
